Using pre-set license
Built from '2020.2/release' branch; Version is '2020.2.4f1 (becced5a802b) revision 12504301'; Using compiler version '192528614'; Build Type 'Release'
OS: 'Windows 10 Pro; OS build 19042.804; Version 2009; 64bit' Language: 'en' Physical Memory: 8131 MB
BatchMode: 1, IsHumanControllingUs: 0, StartBugReporterOnCrash: 0, Is64bit: 1, IsPro: 0

 COMMAND LINE ARGUMENTS:
C:\Program Files\Unity\Hub\Editor\2020.2.4f1\Editor\Unity.exe
-adb2
-batchMode
-noUpm
-name
AssetImportWorker1
-projectPath
D:/aaron/Documents/College/Programming Fundamentals/Unity/Projects/Asteriods
-logFile
Logs/AssetImportWorker1.log
-srvPort
50345
Successfully changed project path to: D:/aaron/Documents/College/Programming Fundamentals/Unity/Projects/Asteriods
D:/aaron/Documents/College/Programming Fundamentals/Unity/Projects/Asteriods
Using Asset Import Pipeline V2.
Refreshing native plugins compatible for Editor in 87.09 ms, found 1 plugins.
Preloading 0 native plugins for Editor in 0.00 ms.
Initialize engine version: 2020.2.4f1 (becced5a802b)
[Subsystems] Discovering subsystems at path C:/Program Files/Unity/Hub/Editor/2020.2.4f1/Editor/Data/Resources/UnitySubsystems
[Subsystems] Discovering subsystems at path D:/aaron/Documents/College/Programming Fundamentals/Unity/Projects/Asteriods/Assets
GfxDevice: creating device client; threaded=0
Direct3D:
    Version:  Direct3D 11.0 [level 11.1]
    Renderer: NVIDIA GeForce GTX 960 (ID=0x1401)
    Vendor:   
    VRAM:     2007 MB
    Driver:   27.21.14.6140
Initialize mono
Mono path[0] = 'C:/Program Files/Unity/Hub/Editor/2020.2.4f1/Editor/Data/Managed'
Mono path[1] = 'C:/Program Files/Unity/Hub/Editor/2020.2.4f1/Editor/Data/MonoBleedingEdge/lib/mono/unityjit'
Mono config path = 'C:/Program Files/Unity/Hub/Editor/2020.2.4f1/Editor/Data/MonoBleedingEdge/etc'
Using monoOptions --debugger-agent=transport=dt_socket,embedding=1,server=y,suspend=n,address=127.0.0.1:56804
Begin MonoManager ReloadAssembly
Registering precompiled unity dll's ...
Register platform support module: C:/Program Files/Unity/Hub/Editor/2020.2.4f1/Editor/Data/PlaybackEngines/WebGLSupport/UnityEditor.WebGL.Extensions.dll
Register platform support module: C:/Program Files/Unity/Hub/Editor/2020.2.4f1/Editor/Data/PlaybackEngines/WindowsStandaloneSupport/UnityEditor.WindowsStandalone.Extensions.dll
Registered in 0.008989 seconds.
Native extension for WindowsStandalone target not found
Native extension for WebGL target not found
Refreshing native plugins compatible for Editor in 69.87 ms, found 1 plugins.
Preloading 0 native plugins for Editor in 0.00 ms.
Invoked RoslynAnalysisRunner static constructor.
RoslynAnalysisRunner will not be running.
RoslynAnalysisRunner has terminated.
Mono: successfully reloaded assembly
- Completed reload, in  2.642 seconds
Platform modules already initialized, skipping
Registering precompiled user dll's ...
Registered in 0.001409 seconds.
Begin MonoManager ReloadAssembly
Native extension for WindowsStandalone target not found
Native extension for WebGL target not found
Refreshing native plugins compatible for Editor in 61.76 ms, found 1 plugins.
Preloading 0 native plugins for Editor in 0.00 ms.
Invoked RoslynAnalysisRunner static constructor.
RoslynAnalysisRunner will not be running.
RoslynAnalysisRunner has terminated.
Mono: successfully reloaded assembly
- Completed reload, in  3.792 seconds
Platform modules already initialized, skipping
========================================================================
Worker process is ready to serve import requests
Launched and connected shader compiler UnityShaderCompiler.exe after 0.40 seconds
Refreshing native plugins compatible for Editor in 0.49 ms, found 1 plugins.
Preloading 0 native plugins for Editor in 0.00 ms.
Unloading 1803 Unused Serialized files (Serialized files now loaded: 0)
System memory in use before: 85.4 MB.
System memory in use after: 85.4 MB.

Unloading 19 unused Assets to reduce memory usage. Loaded Objects now: 2253.
Total: 3.178700 ms (FindLiveObjects: 0.270000 ms CreateObjectMapping: 0.265500 ms MarkObjects: 2.559800 ms  DeleteObjects: 0.081900 ms)

========================================================================
Received Import Request.
  path: Assets/Scrips/GameView/UFO/UFO.cs
  artifactKey: Guid(6c48f93d12785e7489f136619a359f87) Importer(815301076,1909f56bfc062723c751e8b465ee728b)
Start importing Assets/Scrips/GameView/UFO/UFO.cs using Guid(6c48f93d12785e7489f136619a359f87) Importer(815301076,1909f56bfc062723c751e8b465ee728b)  -> (artifact id: 'f0641d197bcf5ee21496d030104940c2') in 0.102897 seconds
  Import took 0.107389 seconds .

========================================================================
Received Prepare
Registering precompiled user dll's ...
Registered in 0.001364 seconds.
Begin MonoManager ReloadAssembly
Native extension for WindowsStandalone target not found
Native extension for WebGL target not found
Refreshing native plugins compatible for Editor in 0.48 ms, found 1 plugins.
Preloading 0 native plugins for Editor in 0.00 ms.
Invoked RoslynAnalysisRunner static constructor.
RoslynAnalysisRunner will not be running.
RoslynAnalysisRunner has terminated.
Mono: successfully reloaded assembly
- Completed reload, in  1.672 seconds
Platform modules already initialized, skipping
Refreshing native plugins compatible for Editor in 0.42 ms, found 1 plugins.
Preloading 0 native plugins for Editor in 0.00 ms.
Unloading 1793 Unused Serialized files (Serialized files now loaded: 0)
System memory in use before: 84.9 MB.
System memory in use after: 85.1 MB.

Unloading 7 unused Assets to reduce memory usage. Loaded Objects now: 2256.
Total: 3.613300 ms (FindLiveObjects: 0.195000 ms CreateObjectMapping: 0.081100 ms MarkObjects: 1.929100 ms  DeleteObjects: 1.406700 ms)

========================================================================
Received Import Request.
  Time since last request: 1349.309314 seconds.
  path: Assets/Scrips/GameView/UFO/UFO.cs
  artifactKey: Guid(6c48f93d12785e7489f136619a359f87) Importer(815301076,1909f56bfc062723c751e8b465ee728b)
Start importing Assets/Scrips/GameView/UFO/UFO.cs using Guid(6c48f93d12785e7489f136619a359f87) Importer(815301076,1909f56bfc062723c751e8b465ee728b)  -> (artifact id: '98daff36f19a960d250e541ef784f74a') in 0.015670 seconds
  Import took 0.019323 seconds .

========================================================================
Received Prepare
Registering precompiled user dll's ...
Registered in 0.001400 seconds.
Begin MonoManager ReloadAssembly
Native extension for WindowsStandalone target not found
Native extension for WebGL target not found
Refreshing native plugins compatible for Editor in 0.45 ms, found 1 plugins.
Preloading 0 native plugins for Editor in 0.00 ms.
Invoked RoslynAnalysisRunner static constructor.
RoslynAnalysisRunner will not be running.
RoslynAnalysisRunner has terminated.
Mono: successfully reloaded assembly
- Completed reload, in  2.526 seconds
Platform modules already initialized, skipping
Refreshing native plugins compatible for Editor in 0.51 ms, found 1 plugins.
Preloading 0 native plugins for Editor in 0.00 ms.
Unloading 1793 Unused Serialized files (Serialized files now loaded: 0)
System memory in use before: 85.0 MB.
System memory in use after: 85.1 MB.

Unloading 7 unused Assets to reduce memory usage. Loaded Objects now: 2259.
Total: 2.308700 ms (FindLiveObjects: 0.202000 ms CreateObjectMapping: 0.078100 ms MarkObjects: 2.004000 ms  DeleteObjects: 0.023200 ms)

========================================================================
Received Prepare
Registering precompiled user dll's ...
Registered in 0.002732 seconds.
Begin MonoManager ReloadAssembly
Native extension for WindowsStandalone target not found
Native extension for WebGL target not found
Refreshing native plugins compatible for Editor in 0.44 ms, found 1 plugins.
Preloading 0 native plugins for Editor in 0.00 ms.
Invoked RoslynAnalysisRunner static constructor.
RoslynAnalysisRunner will not be running.
RoslynAnalysisRunner has terminated.
Mono: successfully reloaded assembly
- Completed reload, in  1.262 seconds
Platform modules already initialized, skipping
Refreshing native plugins compatible for Editor in 0.44 ms, found 1 plugins.
Preloading 0 native plugins for Editor in 0.00 ms.
Unloading 1793 Unused Serialized files (Serialized files now loaded: 0)
System memory in use before: 85.0 MB.
System memory in use after: 85.1 MB.

Unloading 7 unused Assets to reduce memory usage. Loaded Objects now: 2262.
Total: 2.361800 ms (FindLiveObjects: 0.192400 ms CreateObjectMapping: 0.079900 ms MarkObjects: 2.060400 ms  DeleteObjects: 0.027600 ms)

========================================================================
Received Prepare
Registering precompiled user dll's ...
Registered in 0.001811 seconds.
Begin MonoManager ReloadAssembly
Native extension for WindowsStandalone target not found
Native extension for WebGL target not found
Refreshing native plugins compatible for Editor in 0.41 ms, found 1 plugins.
Preloading 0 native plugins for Editor in 0.00 ms.
Invoked RoslynAnalysisRunner static constructor.
RoslynAnalysisRunner will not be running.
RoslynAnalysisRunner has terminated.
Mono: successfully reloaded assembly
- Completed reload, in  1.176 seconds
Platform modules already initialized, skipping
Refreshing native plugins compatible for Editor in 0.40 ms, found 1 plugins.
Preloading 0 native plugins for Editor in 0.00 ms.
Unloading 1793 Unused Serialized files (Serialized files now loaded: 0)
System memory in use before: 85.0 MB.
System memory in use after: 85.1 MB.

Unloading 7 unused Assets to reduce memory usage. Loaded Objects now: 2265.
Total: 2.463300 ms (FindLiveObjects: 0.188100 ms CreateObjectMapping: 0.071000 ms MarkObjects: 2.168600 ms  DeleteObjects: 0.034200 ms)

========================================================================
Received Prepare
Registering precompiled user dll's ...
Registered in 0.001313 seconds.
Begin MonoManager ReloadAssembly
Native extension for WindowsStandalone target not found
Native extension for WebGL target not found
Refreshing native plugins compatible for Editor in 0.43 ms, found 1 plugins.
Preloading 0 native plugins for Editor in 0.00 ms.
Invoked RoslynAnalysisRunner static constructor.
RoslynAnalysisRunner will not be running.
RoslynAnalysisRunner has terminated.
Mono: successfully reloaded assembly
- Completed reload, in  1.438 seconds
Platform modules already initialized, skipping
Refreshing native plugins compatible for Editor in 0.44 ms, found 1 plugins.
Preloading 0 native plugins for Editor in 0.00 ms.
Unloading 1793 Unused Serialized files (Serialized files now loaded: 0)
System memory in use before: 85.0 MB.
System memory in use after: 85.1 MB.

Unloading 7 unused Assets to reduce memory usage. Loaded Objects now: 2268.
Total: 3.030500 ms (FindLiveObjects: 0.554200 ms CreateObjectMapping: 0.126500 ms MarkObjects: 2.325300 ms  DeleteObjects: 0.023200 ms)

========================================================================
Received Prepare
Registering precompiled user dll's ...
Registered in 0.001366 seconds.
Begin MonoManager ReloadAssembly
Native extension for WindowsStandalone target not found
Native extension for WebGL target not found
Refreshing native plugins compatible for Editor in 0.40 ms, found 1 plugins.
Preloading 0 native plugins for Editor in 0.00 ms.
Invoked RoslynAnalysisRunner static constructor.
RoslynAnalysisRunner will not be running.
RoslynAnalysisRunner has terminated.
Mono: successfully reloaded assembly
- Completed reload, in  1.064 seconds
Platform modules already initialized, skipping
Refreshing native plugins compatible for Editor in 0.45 ms, found 1 plugins.
Preloading 0 native plugins for Editor in 0.00 ms.
Unloading 1793 Unused Serialized files (Serialized files now loaded: 0)
System memory in use before: 85.0 MB.
System memory in use after: 85.2 MB.

Unloading 7 unused Assets to reduce memory usage. Loaded Objects now: 2271.
Total: 2.514500 ms (FindLiveObjects: 0.203400 ms CreateObjectMapping: 0.076500 ms MarkObjects: 2.213700 ms  DeleteObjects: 0.019100 ms)

========================================================================
Received Prepare
Registering precompiled user dll's ...
Registered in 0.001289 seconds.
Begin MonoManager ReloadAssembly
Native extension for WindowsStandalone target not found
Native extension for WebGL target not found
Refreshing native plugins compatible for Editor in 0.44 ms, found 1 plugins.
Preloading 0 native plugins for Editor in 0.00 ms.
Invoked RoslynAnalysisRunner static constructor.
RoslynAnalysisRunner will not be running.
RoslynAnalysisRunner has terminated.
Mono: successfully reloaded assembly
- Completed reload, in  1.101 seconds
Platform modules already initialized, skipping
Refreshing native plugins compatible for Editor in 0.53 ms, found 1 plugins.
Preloading 0 native plugins for Editor in 0.00 ms.
Unloading 1793 Unused Serialized files (Serialized files now loaded: 0)
System memory in use before: 85.0 MB.
System memory in use after: 85.2 MB.

Unloading 7 unused Assets to reduce memory usage. Loaded Objects now: 2274.
Total: 2.126500 ms (FindLiveObjects: 0.214500 ms CreateObjectMapping: 0.071200 ms MarkObjects: 1.799200 ms  DeleteObjects: 0.040500 ms)

========================================================================
Received Prepare
Registering precompiled user dll's ...
Registered in 0.009883 seconds.
Begin MonoManager ReloadAssembly
Native extension for WindowsStandalone target not found
Native extension for WebGL target not found
Refreshing native plugins compatible for Editor in 0.45 ms, found 1 plugins.
Preloading 0 native plugins for Editor in 0.00 ms.
Invoked RoslynAnalysisRunner static constructor.
RoslynAnalysisRunner will not be running.
RoslynAnalysisRunner has terminated.
Mono: successfully reloaded assembly
- Completed reload, in  1.161 seconds
Platform modules already initialized, skipping
Refreshing native plugins compatible for Editor in 0.41 ms, found 1 plugins.
Preloading 0 native plugins for Editor in 0.00 ms.
Unloading 1793 Unused Serialized files (Serialized files now loaded: 0)
System memory in use before: 85.1 MB.
System memory in use after: 85.2 MB.

Unloading 7 unused Assets to reduce memory usage. Loaded Objects now: 2277.
Total: 2.072500 ms (FindLiveObjects: 0.190500 ms CreateObjectMapping: 0.095500 ms MarkObjects: 1.763300 ms  DeleteObjects: 0.021800 ms)

========================================================================
Received Prepare
Registering precompiled user dll's ...
Registered in 0.001918 seconds.
Begin MonoManager ReloadAssembly
Native extension for WindowsStandalone target not found
Native extension for WebGL target not found
Refreshing native plugins compatible for Editor in 0.42 ms, found 1 plugins.
Preloading 0 native plugins for Editor in 0.00 ms.
Invoked RoslynAnalysisRunner static constructor.
RoslynAnalysisRunner will not be running.
RoslynAnalysisRunner has terminated.
Mono: successfully reloaded assembly
- Completed reload, in  1.336 seconds
Platform modules already initialized, skipping
Refreshing native plugins compatible for Editor in 0.42 ms, found 1 plugins.
Preloading 0 native plugins for Editor in 0.00 ms.
Unloading 1793 Unused Serialized files (Serialized files now loaded: 0)
System memory in use before: 85.1 MB.
System memory in use after: 85.2 MB.

Unloading 7 unused Assets to reduce memory usage. Loaded Objects now: 2280.
Total: 2.274900 ms (FindLiveObjects: 0.239100 ms CreateObjectMapping: 0.076300 ms MarkObjects: 1.926100 ms  DeleteObjects: 0.032200 ms)

========================================================================
Received Import Request.
  Time since last request: 2325.151025 seconds.
  path: Assets/Scrips/GameView/Asteroid/ForLarge.cs
  artifactKey: Guid(ece67115e6567b54182db10170c00fe0) Importer(815301076,1909f56bfc062723c751e8b465ee728b)
Start importing Assets/Scrips/GameView/Asteroid/ForLarge.cs using Guid(ece67115e6567b54182db10170c00fe0) Importer(815301076,1909f56bfc062723c751e8b465ee728b)  -> (artifact id: 'c75b17174acf9081e48b144b6ff85237') in 0.035852 seconds
  Import took 0.039387 seconds .

========================================================================
Received Import Request.
  Time since last request: 0.011124 seconds.
  path: Assets/Scrips/GameView/Asteroid/ForLarge.cs
  artifactKey: Guid(ece67115e6567b54182db10170c00fe0) Importer(815301076,1909f56bfc062723c751e8b465ee728b)
Start importing Assets/Scrips/GameView/Asteroid/ForLarge.cs using Guid(ece67115e6567b54182db10170c00fe0) Importer(815301076,1909f56bfc062723c751e8b465ee728b)  -> (artifact id: 'c75b17174acf9081e48b144b6ff85237') in 0.014097 seconds
  Import took 0.018169 seconds .

========================================================================
Received Prepare
Registering precompiled user dll's ...
Registered in 0.001388 seconds.
Begin MonoManager ReloadAssembly
Native extension for WindowsStandalone target not found
Native extension for WebGL target not found
Refreshing native plugins compatible for Editor in 0.50 ms, found 1 plugins.
Preloading 0 native plugins for Editor in 0.00 ms.
Invoked RoslynAnalysisRunner static constructor.
RoslynAnalysisRunner will not be running.
RoslynAnalysisRunner has terminated.
Mono: successfully reloaded assembly
- Completed reload, in  1.243 seconds
Platform modules already initialized, skipping
Refreshing native plugins compatible for Editor in 0.41 ms, found 1 plugins.
Preloading 0 native plugins for Editor in 0.00 ms.
Unloading 1793 Unused Serialized files (Serialized files now loaded: 0)
System memory in use before: 85.1 MB.
System memory in use after: 85.2 MB.

Unloading 7 unused Assets to reduce memory usage. Loaded Objects now: 2283.
Total: 2.687300 ms (FindLiveObjects: 0.442900 ms CreateObjectMapping: 0.179900 ms MarkObjects: 2.036600 ms  DeleteObjects: 0.026500 ms)

========================================================================
Received Import Request.
  Time since last request: 29.972063 seconds.
  path: Assets/Scrips/GameView/Asteroid/Movement.cs
  artifactKey: Guid(9faaddcf67771c74ba0e3743aae3b4dc) Importer(815301076,1909f56bfc062723c751e8b465ee728b)
Start importing Assets/Scrips/GameView/Asteroid/Movement.cs using Guid(9faaddcf67771c74ba0e3743aae3b4dc) Importer(815301076,1909f56bfc062723c751e8b465ee728b)  -> (artifact id: '4164b750b50c6fd1d2dd28669ad2e188') in 0.016090 seconds
  Import took 0.020064 seconds .

========================================================================
Received Import Request.
  Time since last request: 2.987504 seconds.
  path: Assets/Scrips/GameView/UFO
  artifactKey: Guid(222044899f5ad02408fa7897a2ea026d) Importer(815301076,1909f56bfc062723c751e8b465ee728b)
Start importing Assets/Scrips/GameView/UFO using Guid(222044899f5ad02408fa7897a2ea026d) Importer(815301076,1909f56bfc062723c751e8b465ee728b)  -> (artifact id: '5c73a1a3cc4240d4e98f2abe01d1047b') in 0.006768 seconds
  Import took 0.010585 seconds .

========================================================================
Received Import Request.
  Time since last request: 0.860707 seconds.
  path: Assets/Scrips/GameView/UFO/UFO.cs
  artifactKey: Guid(6c48f93d12785e7489f136619a359f87) Importer(815301076,1909f56bfc062723c751e8b465ee728b)
Start importing Assets/Scrips/GameView/UFO/UFO.cs using Guid(6c48f93d12785e7489f136619a359f87) Importer(815301076,1909f56bfc062723c751e8b465ee728b)  -> (artifact id: '1d9d8dd697524742f85b8976a6fa866e') in 0.007932 seconds
  Import took 0.014057 seconds .

========================================================================
Received Prepare
Registering precompiled user dll's ...
Registered in 0.001333 seconds.
Begin MonoManager ReloadAssembly
Native extension for WindowsStandalone target not found
Native extension for WebGL target not found
Refreshing native plugins compatible for Editor in 0.45 ms, found 1 plugins.
Preloading 0 native plugins for Editor in 0.00 ms.
Invoked RoslynAnalysisRunner static constructor.
RoslynAnalysisRunner will not be running.
RoslynAnalysisRunner has terminated.
Mono: successfully reloaded assembly
- Completed reload, in  1.104 seconds
Platform modules already initialized, skipping
Refreshing native plugins compatible for Editor in 0.42 ms, found 1 plugins.
Preloading 0 native plugins for Editor in 0.00 ms.
Unloading 1793 Unused Serialized files (Serialized files now loaded: 0)
System memory in use before: 85.1 MB.
System memory in use after: 85.2 MB.

Unloading 7 unused Assets to reduce memory usage. Loaded Objects now: 2286.
Total: 2.120900 ms (FindLiveObjects: 0.190400 ms CreateObjectMapping: 0.074200 ms MarkObjects: 1.806500 ms  DeleteObjects: 0.048800 ms)

========================================================================
Received Prepare
Registering precompiled user dll's ...
Registered in 0.001438 seconds.
Begin MonoManager ReloadAssembly
Native extension for WindowsStandalone target not found
Native extension for WebGL target not found
Refreshing native plugins compatible for Editor in 0.39 ms, found 1 plugins.
Preloading 0 native plugins for Editor in 0.00 ms.
Invoked RoslynAnalysisRunner static constructor.
RoslynAnalysisRunner will not be running.
RoslynAnalysisRunner has terminated.
Mono: successfully reloaded assembly
- Completed reload, in  1.184 seconds
Platform modules already initialized, skipping
Refreshing native plugins compatible for Editor in 0.41 ms, found 1 plugins.
Preloading 0 native plugins for Editor in 0.00 ms.
Unloading 1793 Unused Serialized files (Serialized files now loaded: 0)
System memory in use before: 85.1 MB.
System memory in use after: 85.2 MB.

Unloading 7 unused Assets to reduce memory usage. Loaded Objects now: 2289.
Total: 2.759400 ms (FindLiveObjects: 0.415100 ms CreateObjectMapping: 0.138000 ms MarkObjects: 2.157500 ms  DeleteObjects: 0.047800 ms)

========================================================================
Received Prepare
Registering precompiled user dll's ...
Registered in 0.001302 seconds.
Begin MonoManager ReloadAssembly
Native extension for WindowsStandalone target not found
Native extension for WebGL target not found
Refreshing native plugins compatible for Editor in 0.41 ms, found 1 plugins.
Preloading 0 native plugins for Editor in 0.00 ms.
Invoked RoslynAnalysisRunner static constructor.
RoslynAnalysisRunner will not be running.
RoslynAnalysisRunner has terminated.
Mono: successfully reloaded assembly
- Completed reload, in  1.165 seconds
Platform modules already initialized, skipping
Refreshing native plugins compatible for Editor in 0.41 ms, found 1 plugins.
Preloading 0 native plugins for Editor in 0.00 ms.
Unloading 1793 Unused Serialized files (Serialized files now loaded: 0)
System memory in use before: 85.1 MB.
System memory in use after: 85.2 MB.

Unloading 7 unused Assets to reduce memory usage. Loaded Objects now: 2292.
Total: 2.879600 ms (FindLiveObjects: 0.525800 ms CreateObjectMapping: 0.177700 ms MarkObjects: 2.126500 ms  DeleteObjects: 0.048300 ms)

========================================================================
Received Prepare
Registering precompiled user dll's ...
Registered in 0.001508 seconds.
Begin MonoManager ReloadAssembly
Native extension for WindowsStandalone target not found
Native extension for WebGL target not found
Refreshing native plugins compatible for Editor in 0.56 ms, found 1 plugins.
Preloading 0 native plugins for Editor in 0.00 ms.
Invoked RoslynAnalysisRunner static constructor.
RoslynAnalysisRunner will not be running.
RoslynAnalysisRunner has terminated.
Mono: successfully reloaded assembly
- Completed reload, in  1.065 seconds
Platform modules already initialized, skipping
Refreshing native plugins compatible for Editor in 0.46 ms, found 1 plugins.
Preloading 0 native plugins for Editor in 0.00 ms.
Unloading 1793 Unused Serialized files (Serialized files now loaded: 0)
System memory in use before: 85.1 MB.
System memory in use after: 85.2 MB.

Unloading 7 unused Assets to reduce memory usage. Loaded Objects now: 2295.
Total: 2.741500 ms (FindLiveObjects: 0.190400 ms CreateObjectMapping: 0.075100 ms MarkObjects: 2.453600 ms  DeleteObjects: 0.021300 ms)

========================================================================
Received Prepare
Registering precompiled user dll's ...
Registered in 0.001332 seconds.
Begin MonoManager ReloadAssembly
Native extension for WindowsStandalone target not found
Native extension for WebGL target not found
Refreshing native plugins compatible for Editor in 0.41 ms, found 1 plugins.
Preloading 0 native plugins for Editor in 0.00 ms.
Invoked RoslynAnalysisRunner static constructor.
RoslynAnalysisRunner will not be running.
RoslynAnalysisRunner has terminated.
Mono: successfully reloaded assembly
- Completed reload, in  1.044 seconds
Platform modules already initialized, skipping
Refreshing native plugins compatible for Editor in 0.41 ms, found 1 plugins.
Preloading 0 native plugins for Editor in 0.00 ms.
Unloading 1794 Unused Serialized files (Serialized files now loaded: 0)
System memory in use before: 85.1 MB.
System memory in use after: 85.3 MB.

Unloading 7 unused Assets to reduce memory usage. Loaded Objects now: 2299.
Total: 2.031700 ms (FindLiveObjects: 0.205800 ms CreateObjectMapping: 0.074800 ms MarkObjects: 1.732900 ms  DeleteObjects: 0.017000 ms)

========================================================================
Received Import Request.
  Time since last request: 964.551371 seconds.
  path: Assets/Scrips/GameView/Game/Points.cs
  artifactKey: Guid(7b28e49f7f877bb428f296c90cad5dce) Importer(815301076,1909f56bfc062723c751e8b465ee728b)
Start importing Assets/Scrips/GameView/Game/Points.cs using Guid(7b28e49f7f877bb428f296c90cad5dce) Importer(815301076,1909f56bfc062723c751e8b465ee728b)  -> (artifact id: 'b48a4d7c220109750aed977842c2a4dc') in 0.011306 seconds
  Import took 0.014800 seconds .

========================================================================
Received Prepare
Registering precompiled user dll's ...
Registered in 0.002024 seconds.
Begin MonoManager ReloadAssembly
Native extension for WindowsStandalone target not found
Native extension for WebGL target not found
Refreshing native plugins compatible for Editor in 0.50 ms, found 1 plugins.
Preloading 0 native plugins for Editor in 0.00 ms.
Invoked RoslynAnalysisRunner static constructor.
RoslynAnalysisRunner will not be running.
RoslynAnalysisRunner has terminated.
Mono: successfully reloaded assembly
- Completed reload, in  1.195 seconds
Platform modules already initialized, skipping
Refreshing native plugins compatible for Editor in 0.43 ms, found 1 plugins.
Preloading 0 native plugins for Editor in 0.00 ms.
Unloading 1794 Unused Serialized files (Serialized files now loaded: 0)
System memory in use before: 85.1 MB.
System memory in use after: 85.3 MB.

Unloading 7 unused Assets to reduce memory usage. Loaded Objects now: 2302.
Total: 2.269800 ms (FindLiveObjects: 0.203800 ms CreateObjectMapping: 0.078800 ms MarkObjects: 1.961900 ms  DeleteObjects: 0.024200 ms)

========================================================================
Received Prepare
Registering precompiled user dll's ...
Registered in 0.001327 seconds.
Begin MonoManager ReloadAssembly
Native extension for WindowsStandalone target not found
Native extension for WebGL target not found
Refreshing native plugins compatible for Editor in 0.42 ms, found 1 plugins.
Preloading 0 native plugins for Editor in 0.00 ms.
Invoked RoslynAnalysisRunner static constructor.
RoslynAnalysisRunner will not be running.
RoslynAnalysisRunner has terminated.
Mono: successfully reloaded assembly
- Completed reload, in  1.197 seconds
Platform modules already initialized, skipping
Refreshing native plugins compatible for Editor in 0.40 ms, found 1 plugins.
Preloading 0 native plugins for Editor in 0.00 ms.
Unloading 1794 Unused Serialized files (Serialized files now loaded: 0)
System memory in use before: 85.1 MB.
System memory in use after: 85.3 MB.

Unloading 7 unused Assets to reduce memory usage. Loaded Objects now: 2305.
Total: 2.270500 ms (FindLiveObjects: 0.241700 ms CreateObjectMapping: 0.078200 ms MarkObjects: 1.903700 ms  DeleteObjects: 0.045800 ms)

========================================================================
Received Import Request.
  Time since last request: 610.266561 seconds.
  path: Assets/Scrips/GameView/Game/Points.cs
  artifactKey: Guid(7b28e49f7f877bb428f296c90cad5dce) Importer(815301076,1909f56bfc062723c751e8b465ee728b)
Start importing Assets/Scrips/GameView/Game/Points.cs using Guid(7b28e49f7f877bb428f296c90cad5dce) Importer(815301076,1909f56bfc062723c751e8b465ee728b)  -> (artifact id: 'edaa229412cd795ca4cdb2567d2536d7') in 0.008261 seconds
  Import took 0.012315 seconds .

========================================================================
Received Import Request.
  Time since last request: 4.680371 seconds.
  path: Assets/Scrips/GameView/Asteroid/ForLarge.cs
  artifactKey: Guid(ece67115e6567b54182db10170c00fe0) Importer(815301076,1909f56bfc062723c751e8b465ee728b)
Start importing Assets/Scrips/GameView/Asteroid/ForLarge.cs using Guid(ece67115e6567b54182db10170c00fe0) Importer(815301076,1909f56bfc062723c751e8b465ee728b)  -> (artifact id: 'f5b1d1840939292c89a5cc296056c26d') in 0.009296 seconds
  Import took 0.012636 seconds .

========================================================================
Received Import Request.
  Time since last request: 0.042633 seconds.
  path: Assets/Scrips/GameView/Asteroid/ForLarge.cs
  artifactKey: Guid(ece67115e6567b54182db10170c00fe0) Importer(815301076,1909f56bfc062723c751e8b465ee728b)
Start importing Assets/Scrips/GameView/Asteroid/ForLarge.cs using Guid(ece67115e6567b54182db10170c00fe0) Importer(815301076,1909f56bfc062723c751e8b465ee728b)  -> (artifact id: 'f5b1d1840939292c89a5cc296056c26d') in 0.134314 seconds
  Import took 0.146972 seconds .

========================================================================
Received Prepare
Registering precompiled user dll's ...
Registered in 0.001360 seconds.
Begin MonoManager ReloadAssembly
Native extension for WindowsStandalone target not found
Native extension for WebGL target not found
Refreshing native plugins compatible for Editor in 0.55 ms, found 1 plugins.
Preloading 0 native plugins for Editor in 0.00 ms.
Invoked RoslynAnalysisRunner static constructor.
RoslynAnalysisRunner will not be running.
RoslynAnalysisRunner has terminated.
Mono: successfully reloaded assembly
- Completed reload, in  1.169 seconds
Platform modules already initialized, skipping
Refreshing native plugins compatible for Editor in 0.52 ms, found 1 plugins.
Preloading 0 native plugins for Editor in 0.00 ms.
Unloading 1794 Unused Serialized files (Serialized files now loaded: 0)
System memory in use before: 85.2 MB.
System memory in use after: 85.3 MB.

Unloading 7 unused Assets to reduce memory usage. Loaded Objects now: 2308.
Total: 2.553700 ms (FindLiveObjects: 0.199900 ms CreateObjectMapping: 0.073500 ms MarkObjects: 2.247400 ms  DeleteObjects: 0.031600 ms)

========================================================================
Received Prepare
Registering precompiled user dll's ...
Registered in 0.001451 seconds.
Begin MonoManager ReloadAssembly
Native extension for WindowsStandalone target not found
Native extension for WebGL target not found
Refreshing native plugins compatible for Editor in 0.41 ms, found 1 plugins.
Preloading 0 native plugins for Editor in 0.00 ms.
Invoked RoslynAnalysisRunner static constructor.
RoslynAnalysisRunner will not be running.
RoslynAnalysisRunner has terminated.
Mono: successfully reloaded assembly
- Completed reload, in  1.106 seconds
Platform modules already initialized, skipping
Refreshing native plugins compatible for Editor in 0.40 ms, found 1 plugins.
Preloading 0 native plugins for Editor in 0.00 ms.
Unloading 1794 Unused Serialized files (Serialized files now loaded: 0)
System memory in use before: 85.2 MB.
System memory in use after: 85.3 MB.

Unloading 7 unused Assets to reduce memory usage. Loaded Objects now: 2311.
Total: 2.779400 ms (FindLiveObjects: 0.196300 ms CreateObjectMapping: 0.124500 ms MarkObjects: 2.397300 ms  DeleteObjects: 0.060100 ms)

========================================================================
Received Import Request.
  Time since last request: 243.115745 seconds.
  path: Assets/Scrips/GameView/Asteroid/ForLarge.cs
  artifactKey: Guid(ece67115e6567b54182db10170c00fe0) Importer(815301076,1909f56bfc062723c751e8b465ee728b)
Start importing Assets/Scrips/GameView/Asteroid/ForLarge.cs using Guid(ece67115e6567b54182db10170c00fe0) Importer(815301076,1909f56bfc062723c751e8b465ee728b)  -> (artifact id: 'd85226c19f0b1b8e8118161a34d2a592') in 0.007349 seconds
  Import took 0.010914 seconds .

========================================================================
Received Prepare
Registering precompiled user dll's ...
Registered in 0.001328 seconds.
Begin MonoManager ReloadAssembly
Native extension for WindowsStandalone target not found
Native extension for WebGL target not found
Refreshing native plugins compatible for Editor in 0.41 ms, found 1 plugins.
Preloading 0 native plugins for Editor in 0.00 ms.
Invoked RoslynAnalysisRunner static constructor.
RoslynAnalysisRunner will not be running.
RoslynAnalysisRunner has terminated.
Mono: successfully reloaded assembly
- Completed reload, in  1.139 seconds
Platform modules already initialized, skipping
Refreshing native plugins compatible for Editor in 0.48 ms, found 1 plugins.
Preloading 0 native plugins for Editor in 0.00 ms.
Unloading 1794 Unused Serialized files (Serialized files now loaded: 0)
System memory in use before: 85.2 MB.
System memory in use after: 85.3 MB.

Unloading 7 unused Assets to reduce memory usage. Loaded Objects now: 2314.
Total: 2.193600 ms (FindLiveObjects: 0.185900 ms CreateObjectMapping: 0.071700 ms MarkObjects: 1.885600 ms  DeleteObjects: 0.049200 ms)

========================================================================
Received Prepare
Registering precompiled user dll's ...
Registered in 0.001330 seconds.
Begin MonoManager ReloadAssembly
Native extension for WindowsStandalone target not found
Native extension for WebGL target not found
Refreshing native plugins compatible for Editor in 0.39 ms, found 1 plugins.
Preloading 0 native plugins for Editor in 0.00 ms.
Invoked RoslynAnalysisRunner static constructor.
RoslynAnalysisRunner will not be running.
RoslynAnalysisRunner has terminated.
Mono: successfully reloaded assembly
- Completed reload, in  1.038 seconds
Platform modules already initialized, skipping
Refreshing native plugins compatible for Editor in 0.38 ms, found 1 plugins.
Preloading 0 native plugins for Editor in 0.00 ms.
Unloading 1794 Unused Serialized files (Serialized files now loaded: 0)
System memory in use before: 85.2 MB.
System memory in use after: 85.3 MB.

Unloading 7 unused Assets to reduce memory usage. Loaded Objects now: 2317.
Total: 2.159100 ms (FindLiveObjects: 0.197500 ms CreateObjectMapping: 0.075400 ms MarkObjects: 1.863100 ms  DeleteObjects: 0.021900 ms)

========================================================================
Received Import Request.
  Time since last request: 73.122390 seconds.
  path: Assets/Scrips/GameView/Asteroid/ForLarge.cs
  artifactKey: Guid(ece67115e6567b54182db10170c00fe0) Importer(815301076,1909f56bfc062723c751e8b465ee728b)
Start importing Assets/Scrips/GameView/Asteroid/ForLarge.cs using Guid(ece67115e6567b54182db10170c00fe0) Importer(815301076,1909f56bfc062723c751e8b465ee728b)  -> (artifact id: '0ce890a65387b03c66634037bbc17f96') in 0.007966 seconds
  Import took 0.011418 seconds .

========================================================================
Received Prepare
Registering precompiled user dll's ...
Registered in 0.001593 seconds.
Begin MonoManager ReloadAssembly
Native extension for WindowsStandalone target not found
Native extension for WebGL target not found
Refreshing native plugins compatible for Editor in 0.40 ms, found 1 plugins.
Preloading 0 native plugins for Editor in 0.00 ms.
Invoked RoslynAnalysisRunner static constructor.
RoslynAnalysisRunner will not be running.
RoslynAnalysisRunner has terminated.
Mono: successfully reloaded assembly
- Completed reload, in  1.104 seconds
Platform modules already initialized, skipping
Refreshing native plugins compatible for Editor in 0.47 ms, found 1 plugins.
Preloading 0 native plugins for Editor in 0.00 ms.
Unloading 1794 Unused Serialized files (Serialized files now loaded: 0)
System memory in use before: 85.2 MB.
System memory in use after: 85.3 MB.

Unloading 7 unused Assets to reduce memory usage. Loaded Objects now: 2320.
Total: 2.149700 ms (FindLiveObjects: 0.196400 ms CreateObjectMapping: 0.076500 ms MarkObjects: 1.838400 ms  DeleteObjects: 0.037400 ms)

========================================================================
Received Import Request.
  Time since last request: 85.552940 seconds.
  path: Assets/Scrips/GameView/Asteroid/ForLarge.cs
  artifactKey: Guid(ece67115e6567b54182db10170c00fe0) Importer(815301076,1909f56bfc062723c751e8b465ee728b)
Start importing Assets/Scrips/GameView/Asteroid/ForLarge.cs using Guid(ece67115e6567b54182db10170c00fe0) Importer(815301076,1909f56bfc062723c751e8b465ee728b)  -> (artifact id: '520b152686b1dd704ca61e1210994334') in 0.006901 seconds
  Import took 0.010202 seconds .

========================================================================
Received Prepare
Registering precompiled user dll's ...
Registered in 0.001308 seconds.
Begin MonoManager ReloadAssembly
Native extension for WindowsStandalone target not found
Native extension for WebGL target not found
Refreshing native plugins compatible for Editor in 0.40 ms, found 1 plugins.
Preloading 0 native plugins for Editor in 0.00 ms.
Invoked RoslynAnalysisRunner static constructor.
RoslynAnalysisRunner will not be running.
RoslynAnalysisRunner has terminated.
Mono: successfully reloaded assembly
- Completed reload, in  1.060 seconds
Platform modules already initialized, skipping
Refreshing native plugins compatible for Editor in 0.47 ms, found 1 plugins.
Preloading 0 native plugins for Editor in 0.00 ms.
Unloading 1794 Unused Serialized files (Serialized files now loaded: 0)
System memory in use before: 85.2 MB.
System memory in use after: 85.3 MB.

Unloading 7 unused Assets to reduce memory usage. Loaded Objects now: 2323.
Total: 2.240900 ms (FindLiveObjects: 0.245000 ms CreateObjectMapping: 0.081200 ms MarkObjects: 1.875000 ms  DeleteObjects: 0.038700 ms)

========================================================================
Received Import Request.
  Time since last request: 329.005786 seconds.
  path: Assets/Scrips/GameView/Asteroid/ForLarge.cs
  artifactKey: Guid(ece67115e6567b54182db10170c00fe0) Importer(815301076,1909f56bfc062723c751e8b465ee728b)
Start importing Assets/Scrips/GameView/Asteroid/ForLarge.cs using Guid(ece67115e6567b54182db10170c00fe0) Importer(815301076,1909f56bfc062723c751e8b465ee728b)  -> (artifact id: '7981cc596f22e6eaca6d0b159b5b32db') in 0.006950 seconds
  Import took 0.010361 seconds .

========================================================================
Received Prepare
Registering precompiled user dll's ...
Registered in 0.001309 seconds.
Begin MonoManager ReloadAssembly
Native extension for WindowsStandalone target not found
Native extension for WebGL target not found
Refreshing native plugins compatible for Editor in 0.40 ms, found 1 plugins.
Preloading 0 native plugins for Editor in 0.00 ms.
Invoked RoslynAnalysisRunner static constructor.
RoslynAnalysisRunner will not be running.
RoslynAnalysisRunner has terminated.
Mono: successfully reloaded assembly
- Completed reload, in  1.119 seconds
Platform modules already initialized, skipping
Refreshing native plugins compatible for Editor in 0.40 ms, found 1 plugins.
Preloading 0 native plugins for Editor in 0.00 ms.
Unloading 1794 Unused Serialized files (Serialized files now loaded: 0)
System memory in use before: 85.2 MB.
System memory in use after: 85.3 MB.

Unloading 7 unused Assets to reduce memory usage. Loaded Objects now: 2326.
Total: 2.285900 ms (FindLiveObjects: 0.225300 ms CreateObjectMapping: 0.073400 ms MarkObjects: 1.948300 ms  DeleteObjects: 0.037600 ms)

========================================================================
Received Import Request.
  Time since last request: 363.713490 seconds.
  path: Assets/Scrips/GameView/Asteroid/ForLarge.cs
  artifactKey: Guid(ece67115e6567b54182db10170c00fe0) Importer(815301076,1909f56bfc062723c751e8b465ee728b)
Start importing Assets/Scrips/GameView/Asteroid/ForLarge.cs using Guid(ece67115e6567b54182db10170c00fe0) Importer(815301076,1909f56bfc062723c751e8b465ee728b)  -> (artifact id: '53c8d68f4e434fade1e2c02fd551881e') in 0.007535 seconds
  Import took 0.010969 seconds .

========================================================================
Received Prepare
Registering precompiled user dll's ...
Registered in 0.001385 seconds.
Begin MonoManager ReloadAssembly
Native extension for WindowsStandalone target not found
Native extension for WebGL target not found
Refreshing native plugins compatible for Editor in 0.43 ms, found 1 plugins.
Preloading 0 native plugins for Editor in 0.00 ms.
Invoked RoslynAnalysisRunner static constructor.
RoslynAnalysisRunner will not be running.
RoslynAnalysisRunner has terminated.
Mono: successfully reloaded assembly
- Completed reload, in  1.153 seconds
Platform modules already initialized, skipping
Refreshing native plugins compatible for Editor in 0.41 ms, found 1 plugins.
Preloading 0 native plugins for Editor in 0.00 ms.
Unloading 1794 Unused Serialized files (Serialized files now loaded: 0)
System memory in use before: 85.2 MB.
System memory in use after: 85.3 MB.

Unloading 7 unused Assets to reduce memory usage. Loaded Objects now: 2329.
Total: 2.110800 ms (FindLiveObjects: 0.199400 ms CreateObjectMapping: 0.074900 ms MarkObjects: 1.800700 ms  DeleteObjects: 0.034700 ms)

========================================================================
Received Prepare
Registering precompiled user dll's ...
Registered in 0.001363 seconds.
Begin MonoManager ReloadAssembly
Native extension for WindowsStandalone target not found
Native extension for WebGL target not found
Refreshing native plugins compatible for Editor in 0.41 ms, found 1 plugins.
Preloading 0 native plugins for Editor in 0.00 ms.
Invoked RoslynAnalysisRunner static constructor.
RoslynAnalysisRunner will not be running.
RoslynAnalysisRunner has terminated.
Mono: successfully reloaded assembly
- Completed reload, in  1.128 seconds
Platform modules already initialized, skipping
Refreshing native plugins compatible for Editor in 0.42 ms, found 1 plugins.
Preloading 0 native plugins for Editor in 0.00 ms.
Unloading 1794 Unused Serialized files (Serialized files now loaded: 0)
System memory in use before: 85.2 MB.
System memory in use after: 85.3 MB.

Unloading 7 unused Assets to reduce memory usage. Loaded Objects now: 2332.
Total: 2.280400 ms (FindLiveObjects: 0.238000 ms CreateObjectMapping: 0.093700 ms MarkObjects: 1.926900 ms  DeleteObjects: 0.020500 ms)

========================================================================
Received Import Request.
  Time since last request: 199.949517 seconds.
  path: Assets/Scrips/GameView/Game/Points.cs
  artifactKey: Guid(7b28e49f7f877bb428f296c90cad5dce) Importer(815301076,1909f56bfc062723c751e8b465ee728b)
Start importing Assets/Scrips/GameView/Game/Points.cs using Guid(7b28e49f7f877bb428f296c90cad5dce) Importer(815301076,1909f56bfc062723c751e8b465ee728b)  -> (artifact id: '12198c7781e64deab8c80d6d10b9ee8b') in 0.017829 seconds
  Import took 0.022929 seconds .

========================================================================
Received Prepare
Registering precompiled user dll's ...
Registered in 0.002162 seconds.
Begin MonoManager ReloadAssembly
Native extension for WindowsStandalone target not found
Native extension for WebGL target not found
Refreshing native plugins compatible for Editor in 0.40 ms, found 1 plugins.
Preloading 0 native plugins for Editor in 0.00 ms.
Invoked RoslynAnalysisRunner static constructor.
RoslynAnalysisRunner will not be running.
RoslynAnalysisRunner has terminated.
Mono: successfully reloaded assembly
- Completed reload, in  1.086 seconds
Platform modules already initialized, skipping
Refreshing native plugins compatible for Editor in 0.45 ms, found 1 plugins.
Preloading 0 native plugins for Editor in 0.00 ms.
Unloading 1794 Unused Serialized files (Serialized files now loaded: 0)
System memory in use before: 85.2 MB.
System memory in use after: 85.3 MB.

Unloading 7 unused Assets to reduce memory usage. Loaded Objects now: 2335.
Total: 2.175400 ms (FindLiveObjects: 0.255400 ms CreateObjectMapping: 0.072200 ms MarkObjects: 1.798100 ms  DeleteObjects: 0.048600 ms)

========================================================================
Received Import Request.
  Time since last request: 48.214397 seconds.
  path: Assets/Scrips/GameView/Game/Points.cs
  artifactKey: Guid(7b28e49f7f877bb428f296c90cad5dce) Importer(815301076,1909f56bfc062723c751e8b465ee728b)
Start importing Assets/Scrips/GameView/Game/Points.cs using Guid(7b28e49f7f877bb428f296c90cad5dce) Importer(815301076,1909f56bfc062723c751e8b465ee728b)  -> (artifact id: '950c31d741abd94c109e3bca8cbe01a4') in 0.007140 seconds
  Import took 0.010649 seconds .

========================================================================
Received Prepare
Registering precompiled user dll's ...
Registered in 0.001450 seconds.
Begin MonoManager ReloadAssembly
Native extension for WindowsStandalone target not found
Native extension for WebGL target not found
Refreshing native plugins compatible for Editor in 0.40 ms, found 1 plugins.
Preloading 0 native plugins for Editor in 0.00 ms.
Invoked RoslynAnalysisRunner static constructor.
RoslynAnalysisRunner will not be running.
RoslynAnalysisRunner has terminated.
Mono: successfully reloaded assembly
- Completed reload, in  1.058 seconds
Platform modules already initialized, skipping
Refreshing native plugins compatible for Editor in 0.46 ms, found 1 plugins.
Preloading 0 native plugins for Editor in 0.00 ms.
Unloading 1794 Unused Serialized files (Serialized files now loaded: 0)
System memory in use before: 85.2 MB.
System memory in use after: 85.4 MB.

Unloading 7 unused Assets to reduce memory usage. Loaded Objects now: 2338.
Total: 2.089800 ms (FindLiveObjects: 0.203100 ms CreateObjectMapping: 0.080400 ms MarkObjects: 1.782600 ms  DeleteObjects: 0.022300 ms)

========================================================================
Received Import Request.
  Time since last request: 92.594198 seconds.
  path: Assets/Scrips/GameView/Game/Points.cs
  artifactKey: Guid(7b28e49f7f877bb428f296c90cad5dce) Importer(815301076,1909f56bfc062723c751e8b465ee728b)
Start importing Assets/Scrips/GameView/Game/Points.cs using Guid(7b28e49f7f877bb428f296c90cad5dce) Importer(815301076,1909f56bfc062723c751e8b465ee728b)  -> (artifact id: '724c2853e14d9f293dc8c3370cfecb4a') in 0.006279 seconds
  Import took 0.009617 seconds .

AssetImportWorkerClient::OnTransportError - code=2 error=End of file
