Using pre-set license
Built from '2020.2/release' branch; Version is '2020.2.4f1 (becced5a802b) revision 12504301'; Using compiler version '192528614'; Build Type 'Release'
OS: 'Windows 10 Pro; OS build 19042.804; Version 2009; 64bit' Language: 'en' Physical Memory: 8131 MB
BatchMode: 1, IsHumanControllingUs: 0, StartBugReporterOnCrash: 0, Is64bit: 1, IsPro: 0

 COMMAND LINE ARGUMENTS:
C:\Program Files\Unity\Hub\Editor\2020.2.4f1\Editor\Unity.exe
-adb2
-batchMode
-noUpm
-name
AssetImportWorker0
-projectPath
D:/aaron/Documents/College/Programming Fundamentals/Unity/Projects/Asteriods
-logFile
Logs/AssetImportWorker0.log
-srvPort
65489
Successfully changed project path to: D:/aaron/Documents/College/Programming Fundamentals/Unity/Projects/Asteriods
D:/aaron/Documents/College/Programming Fundamentals/Unity/Projects/Asteriods
Using Asset Import Pipeline V2.
Refreshing native plugins compatible for Editor in 482.91 ms, found 1 plugins.
Preloading 0 native plugins for Editor in 0.00 ms.
Initialize engine version: 2020.2.4f1 (becced5a802b)
[Subsystems] Discovering subsystems at path C:/Program Files/Unity/Hub/Editor/2020.2.4f1/Editor/Data/Resources/UnitySubsystems
[Subsystems] Discovering subsystems at path D:/aaron/Documents/College/Programming Fundamentals/Unity/Projects/Asteriods/Assets
GfxDevice: creating device client; threaded=0
Direct3D:
    Version:  Direct3D 11.0 [level 11.1]
    Renderer: NVIDIA GeForce GTX 960 (ID=0x1401)
    Vendor:   
    VRAM:     2007 MB
    Driver:   27.21.14.6140
Initialize mono
Mono path[0] = 'C:/Program Files/Unity/Hub/Editor/2020.2.4f1/Editor/Data/Managed'
Mono path[1] = 'C:/Program Files/Unity/Hub/Editor/2020.2.4f1/Editor/Data/MonoBleedingEdge/lib/mono/unityjit'
Mono config path = 'C:/Program Files/Unity/Hub/Editor/2020.2.4f1/Editor/Data/MonoBleedingEdge/etc'
Using monoOptions --debugger-agent=transport=dt_socket,embedding=1,server=y,suspend=n,address=127.0.0.1:56656
Begin MonoManager ReloadAssembly
Registering precompiled unity dll's ...
Register platform support module: C:/Program Files/Unity/Hub/Editor/2020.2.4f1/Editor/Data/PlaybackEngines/WebGLSupport/UnityEditor.WebGL.Extensions.dll
Register platform support module: C:/Program Files/Unity/Hub/Editor/2020.2.4f1/Editor/Data/PlaybackEngines/WindowsStandaloneSupport/UnityEditor.WindowsStandalone.Extensions.dll
Registered in 0.011160 seconds.
Native extension for WindowsStandalone target not found
Native extension for WebGL target not found
Refreshing native plugins compatible for Editor in 62.81 ms, found 1 plugins.
Preloading 0 native plugins for Editor in 0.00 ms.
Invoked RoslynAnalysisRunner static constructor.
RoslynAnalysisRunner will not be running.
RoslynAnalysisRunner has terminated.
Mono: successfully reloaded assembly
- Completed reload, in  5.728 seconds
Platform modules already initialized, skipping
Registering precompiled user dll's ...
Registered in 0.021091 seconds.
Begin MonoManager ReloadAssembly
Native extension for WindowsStandalone target not found
Native extension for WebGL target not found
Refreshing native plugins compatible for Editor in 60.00 ms, found 1 plugins.
Preloading 0 native plugins for Editor in 0.00 ms.
Invoked RoslynAnalysisRunner static constructor.
RoslynAnalysisRunner will not be running.
RoslynAnalysisRunner has terminated.
Mono: successfully reloaded assembly
- Completed reload, in  2.115 seconds
Platform modules already initialized, skipping
========================================================================
Worker process is ready to serve import requests
Launched and connected shader compiler UnityShaderCompiler.exe after 0.17 seconds
Refreshing native plugins compatible for Editor in 0.49 ms, found 1 plugins.
Preloading 0 native plugins for Editor in 0.00 ms.
Unloading 1804 Unused Serialized files (Serialized files now loaded: 0)
System memory in use before: 85.4 MB.
System memory in use after: 85.5 MB.

Unloading 19 unused Assets to reduce memory usage. Loaded Objects now: 2254.
Total: 3.272600 ms (FindLiveObjects: 0.307900 ms CreateObjectMapping: 0.280300 ms MarkObjects: 2.583800 ms  DeleteObjects: 0.098400 ms)

========================================================================
Received Import Request.
  path: Assets/Scrips/GameView/Asteroid/SpawnIn.cs
  artifactKey: Guid(f5af32c07a5540a4c9243c1655adb3fd) Importer(815301076,1909f56bfc062723c751e8b465ee728b)
Start importing Assets/Scrips/GameView/Asteroid/SpawnIn.cs using Guid(f5af32c07a5540a4c9243c1655adb3fd) Importer(815301076,1909f56bfc062723c751e8b465ee728b)  -> (artifact id: 'e42caafb6ac95550be2948c2bb0a1925') in 0.056717 seconds
  Import took 0.079059 seconds .

========================================================================
Received Prepare
Registering precompiled user dll's ...
Registered in 0.022701 seconds.
Begin MonoManager ReloadAssembly
Native extension for WindowsStandalone target not found
Native extension for WebGL target not found
Refreshing native plugins compatible for Editor in 0.58 ms, found 1 plugins.
Preloading 0 native plugins for Editor in 0.00 ms.
Invoked RoslynAnalysisRunner static constructor.
RoslynAnalysisRunner will not be running.
RoslynAnalysisRunner has terminated.
Mono: successfully reloaded assembly
- Completed reload, in  2.161 seconds
Platform modules already initialized, skipping
Refreshing native plugins compatible for Editor in 0.41 ms, found 1 plugins.
Preloading 0 native plugins for Editor in 0.00 ms.
Unloading 1795 Unused Serialized files (Serialized files now loaded: 0)
System memory in use before: 85.0 MB.
System memory in use after: 85.1 MB.

Unloading 7 unused Assets to reduce memory usage. Loaded Objects now: 2258.
Total: 2.383000 ms (FindLiveObjects: 0.216300 ms CreateObjectMapping: 0.076800 ms MarkObjects: 2.038600 ms  DeleteObjects: 0.049900 ms)

========================================================================
Received Prepare
Registering precompiled user dll's ...
Registered in 0.012948 seconds.
Begin MonoManager ReloadAssembly
Native extension for WindowsStandalone target not found
Native extension for WebGL target not found
Refreshing native plugins compatible for Editor in 0.42 ms, found 1 plugins.
Preloading 0 native plugins for Editor in 0.00 ms.
Invoked RoslynAnalysisRunner static constructor.
RoslynAnalysisRunner will not be running.
RoslynAnalysisRunner has terminated.
Mono: successfully reloaded assembly
- Completed reload, in  1.269 seconds
Platform modules already initialized, skipping
Refreshing native plugins compatible for Editor in 0.39 ms, found 1 plugins.
Preloading 0 native plugins for Editor in 0.00 ms.
Unloading 1795 Unused Serialized files (Serialized files now loaded: 0)
System memory in use before: 85.0 MB.
System memory in use after: 85.1 MB.

Unloading 7 unused Assets to reduce memory usage. Loaded Objects now: 2261.
Total: 2.367600 ms (FindLiveObjects: 0.186500 ms CreateObjectMapping: 0.073500 ms MarkObjects: 2.074300 ms  DeleteObjects: 0.031800 ms)

========================================================================
Received Import Request.
  Time since last request: 642.987541 seconds.
  path: Assets/Scrips/GameView/Asteroid/ForLarge.cs
  artifactKey: Guid(ece67115e6567b54182db10170c00fe0) Importer(815301076,1909f56bfc062723c751e8b465ee728b)
Start importing Assets/Scrips/GameView/Asteroid/ForLarge.cs using Guid(ece67115e6567b54182db10170c00fe0) Importer(815301076,1909f56bfc062723c751e8b465ee728b)  -> (artifact id: '72a972152118faf6d79c3ac202295160') in 0.015123 seconds
  Import took 0.018601 seconds .

========================================================================
Received Import Request.
  Time since last request: 5512.673439 seconds.
  path: Assets/Anim/Spawner.controller
  artifactKey: Guid(33d7f61dfb1fd3441acfde83bb2bded5) Importer(815301076,1909f56bfc062723c751e8b465ee728b)
Start importing Assets/Anim/Spawner.controller using Guid(33d7f61dfb1fd3441acfde83bb2bded5) Importer(815301076,1909f56bfc062723c751e8b465ee728b)  -> (artifact id: '990c1dcf1d28e632983474c190156eb0') in 0.077631 seconds
  Import took 0.116367 seconds .

========================================================================
Received Import Request.
  Time since last request: 3.460881 seconds.
  path: Assets/Anim/TOPBOTTOM.anim
  artifactKey: Guid(2252d733579db274ca7b0844cd6edbe6) Importer(815301076,1909f56bfc062723c751e8b465ee728b)
Start importing Assets/Anim/TOPBOTTOM.anim using Guid(2252d733579db274ca7b0844cd6edbe6) Importer(815301076,1909f56bfc062723c751e8b465ee728b)  -> (artifact id: 'f3536f13623cc0ebd172783f62bd6393') in 0.029922 seconds
  Import took 0.048066 seconds .

========================================================================
Received Import Request.
  Time since last request: 0.001032 seconds.
  path: Assets/Anim/TOPBOTTOM.anim
  artifactKey: Guid(2252d733579db274ca7b0844cd6edbe6) Importer(815301076,1909f56bfc062723c751e8b465ee728b)
Start importing Assets/Anim/TOPBOTTOM.anim using Guid(2252d733579db274ca7b0844cd6edbe6) Importer(815301076,1909f56bfc062723c751e8b465ee728b)  -> (artifact id: 'f3536f13623cc0ebd172783f62bd6393') in 0.009173 seconds
  Import took 0.029001 seconds .

========================================================================
Received Prepare
Registering precompiled user dll's ...
Registered in 0.022690 seconds.
Begin MonoManager ReloadAssembly
Native extension for WindowsStandalone target not found
Native extension for WebGL target not found
Refreshing native plugins compatible for Editor in 0.94 ms, found 1 plugins.
Preloading 0 native plugins for Editor in 0.00 ms.
Invoked RoslynAnalysisRunner static constructor.
RoslynAnalysisRunner will not be running.
RoslynAnalysisRunner has terminated.
Mono: successfully reloaded assembly
- Completed reload, in  1.543 seconds
Platform modules already initialized, skipping
Refreshing native plugins compatible for Editor in 0.55 ms, found 1 plugins.
Preloading 0 native plugins for Editor in 0.00 ms.
Unloading 1795 Unused Serialized files (Serialized files now loaded: 0)
System memory in use before: 85.1 MB.
System memory in use after: 85.2 MB.

Unloading 7 unused Assets to reduce memory usage. Loaded Objects now: 2264.
Total: 2.520000 ms (FindLiveObjects: 0.268700 ms CreateObjectMapping: 0.188800 ms MarkObjects: 2.014400 ms  DeleteObjects: 0.046900 ms)

========================================================================
Received Import Request.
  Time since last request: 2457.852919 seconds.
  path: Assets/Prefab/AsteroidLarge.prefab
  artifactKey: Guid(a4effb364a8fa914e907fb761ae5d6d0) Importer(815301076,1909f56bfc062723c751e8b465ee728b)
Start importing Assets/Prefab/AsteroidLarge.prefab using Guid(a4effb364a8fa914e907fb761ae5d6d0) Importer(815301076,1909f56bfc062723c751e8b465ee728b)  -> (artifact id: '328fcd3437e0fdf65a1490d5be269e51') in 0.326607 seconds
  Import took 0.331511 seconds .

========================================================================
Received Import Request.
  Time since last request: 0.000317 seconds.
  path: Assets/Prefab/AsteroidMedium.prefab
  artifactKey: Guid(d81fa7f02aba2ae47b31f98dd89301de) Importer(815301076,1909f56bfc062723c751e8b465ee728b)
Start importing Assets/Prefab/AsteroidMedium.prefab using Guid(d81fa7f02aba2ae47b31f98dd89301de) Importer(815301076,1909f56bfc062723c751e8b465ee728b)  -> (artifact id: '3bbcf81ad73776ff2c075af46c5a36ad') in 0.060818 seconds
  Import took 0.065484 seconds .

========================================================================
Received Import Request.
  Time since last request: 0.000261 seconds.
  path: Assets/Prefab/AsteroidSmall.prefab
  artifactKey: Guid(e95713ff188fdd14fb1d80bc64f39013) Importer(815301076,1909f56bfc062723c751e8b465ee728b)
Start importing Assets/Prefab/AsteroidSmall.prefab using Guid(e95713ff188fdd14fb1d80bc64f39013) Importer(815301076,1909f56bfc062723c751e8b465ee728b)  -> (artifact id: '494219c78fe8a6e5e29a9a14a3eb7600') in 0.050318 seconds
  Import took 0.055445 seconds .

========================================================================
Received Prepare
Registering precompiled user dll's ...
Registered in 0.011916 seconds.
Begin MonoManager ReloadAssembly
Native extension for WindowsStandalone target not found
Native extension for WebGL target not found
Refreshing native plugins compatible for Editor in 0.61 ms, found 1 plugins.
Preloading 0 native plugins for Editor in 0.00 ms.
Invoked RoslynAnalysisRunner static constructor.
RoslynAnalysisRunner will not be running.
RoslynAnalysisRunner has terminated.
Mono: successfully reloaded assembly
- Completed reload, in  1.346 seconds
Platform modules already initialized, skipping
Refreshing native plugins compatible for Editor in 0.44 ms, found 1 plugins.
Preloading 0 native plugins for Editor in 0.00 ms.
Unloading 1795 Unused Serialized files (Serialized files now loaded: 0)
System memory in use before: 88.2 MB.
System memory in use after: 88.3 MB.

Unloading 7 unused Assets to reduce memory usage. Loaded Objects now: 2274.
Total: 2.516300 ms (FindLiveObjects: 0.289200 ms CreateObjectMapping: 0.147100 ms MarkObjects: 2.053000 ms  DeleteObjects: 0.025600 ms)

========================================================================
Received Prepare
Registering precompiled user dll's ...
Registered in 0.004222 seconds.
Begin MonoManager ReloadAssembly
Native extension for WindowsStandalone target not found
Native extension for WebGL target not found
Refreshing native plugins compatible for Editor in 0.41 ms, found 1 plugins.
Preloading 0 native plugins for Editor in 0.00 ms.
Invoked RoslynAnalysisRunner static constructor.
RoslynAnalysisRunner will not be running.
RoslynAnalysisRunner has terminated.
Mono: successfully reloaded assembly
- Completed reload, in  1.505 seconds
Platform modules already initialized, skipping
Refreshing native plugins compatible for Editor in 0.42 ms, found 1 plugins.
Preloading 0 native plugins for Editor in 0.00 ms.
Unloading 1795 Unused Serialized files (Serialized files now loaded: 0)
System memory in use before: 88.2 MB.
System memory in use after: 88.3 MB.

Unloading 7 unused Assets to reduce memory usage. Loaded Objects now: 2277.
Total: 4.501700 ms (FindLiveObjects: 0.313100 ms CreateObjectMapping: 0.742400 ms MarkObjects: 3.421800 ms  DeleteObjects: 0.022400 ms)

========================================================================
Received Prepare
Registering precompiled user dll's ...
Registered in 0.004183 seconds.
Begin MonoManager ReloadAssembly
Native extension for WindowsStandalone target not found
Native extension for WebGL target not found
Refreshing native plugins compatible for Editor in 0.82 ms, found 1 plugins.
Preloading 0 native plugins for Editor in 0.00 ms.
Invoked RoslynAnalysisRunner static constructor.
RoslynAnalysisRunner will not be running.
RoslynAnalysisRunner has terminated.
Mono: successfully reloaded assembly
- Completed reload, in  1.844 seconds
Platform modules already initialized, skipping
Refreshing native plugins compatible for Editor in 0.50 ms, found 1 plugins.
Preloading 0 native plugins for Editor in 0.00 ms.
Unloading 1795 Unused Serialized files (Serialized files now loaded: 0)
System memory in use before: 88.2 MB.
System memory in use after: 88.3 MB.

Unloading 7 unused Assets to reduce memory usage. Loaded Objects now: 2280.
Total: 2.828000 ms (FindLiveObjects: 0.498000 ms CreateObjectMapping: 0.169200 ms MarkObjects: 2.136700 ms  DeleteObjects: 0.022800 ms)

AssetImportWorkerClient::OnTransportError - code=2 error=End of file
